<?xml version="1.0" encoding="UTF-8"?>
<testng-results ignored="0" total="2" passed="2" failed="0" skipped="0">
  <reporter-output>
  </reporter-output>
  <suite started-at="2025-01-20T12:31:50 IST" name="Default suite" finished-at="2025-01-20T12:31:56 IST" duration-ms="5406">
    <groups>
    </groups>
    <test started-at="2025-01-20T12:31:50 IST" name="Default test" finished-at="2025-01-20T12:31:56 IST" duration-ms="5406">
      <class name="com.reqres.test.authentication.Basic">
        <test-method signature="login()[pri:0, instance:com.reqres.test.authentication.Basic@3ba9ad43]" started-at="2025-01-20T12:31:51 IST" name="login" finished-at="2025-01-20T12:31:55 IST" duration-ms="4376" status="PASS">
          <reporter-output>
          </reporter-output>
        </test-method> <!-- login -->
        <test-method signature="viewCart()[pri:0, instance:com.reqres.test.authentication.Basic@3ba9ad43]" started-at="2025-01-20T12:31:55 IST" name="viewCart" finished-at="2025-01-20T12:31:56 IST" depends-on-methods="com.reqres.test.authentication.Basic.login" duration-ms="941" status="PASS">
          <reporter-output>
          </reporter-output>
        </test-method> <!-- viewCart -->
      </class> <!-- com.reqres.test.authentication.Basic -->
    </test> <!-- Default test -->
  </suite> <!-- Default suite -->
</testng-results>
