<?xml version="1.0" encoding="UTF-8"?>
<testng-results ignored="0" total="1" passed="1" failed="0" skipped="0">
  <reporter-output>
  </reporter-output>
  <suite started-at="2025-01-29T10:22:37 IST" name="Default suite" finished-at="2025-01-29T10:22:40 IST" duration-ms="2729">
    <groups>
    </groups>
    <test started-at="2025-01-29T10:22:37 IST" name="Default test" finished-at="2025-01-29T10:22:40 IST" duration-ms="2729">
      <class name="com.reqres.test.requestBody.complex.UsingJsonObject">
        <test-method signature="post()[pri:0, instance:com.reqres.test.requestBody.complex.UsingJsonObject@49d904ec]" started-at="2025-01-29T10:22:37 IST" name="post" finished-at="2025-01-29T10:22:40 IST" duration-ms="2687" status="PASS">
          <reporter-output>
          </reporter-output>
        </test-method> <!-- post -->
      </class> <!-- com.reqres.test.requestBody.complex.UsingJsonObject -->
    </test> <!-- Default test -->
  </suite> <!-- Default suite -->
</testng-results>
