<?xml version="1.0" encoding="UTF-8"?>
<!-- Generated by org.testng.reporters.JUnitXMLReporter -->
<testsuite ignored="0" hostname="TYSS-Priyatharsan_D" failures="0" tests="4" name="Test" time="9.147" errors="0" timestamp="2025-01-20T11:20:18 IST">
  <testcase classname="com.reqres.test.createDependency.CreatePetTest" name="createPet" time="4.386"/>
  <testcase classname="com.reqres.test.createDependency.UpdatePetTest" name="updatePet" time="1.605"/>
  <testcase classname="com.reqres.test.createDependency.ReadPetTest" name="readPet" time="1.532"/>
  <testcase classname="com.reqres.test.createDependency.DeletePetTest" name="deletePet" time="1.579"/>
</testsuite> <!-- Test -->
